TN:
SF:/Users/anthonyjones/repo/gulp.build/src/client/app/app.module.js
FN:1,(anonymous_1)
FNF:1
FNH:1
FNDA:1,(anonymous_1)
DA:1,1
DA:4,1
LF:2
LH:2
BRF:0
BRH:0
end_of_record
TN:
SF:/Users/anthonyjones/repo/gulp.build/src/client/app/blocks/logger/logger.module.js
FN:1,(anonymous_1)
FNF:1
FNH:1
FNDA:1,(anonymous_1)
DA:1,1
DA:4,1
LF:2
LH:2
BRF:0
BRH:0
end_of_record
TN:
SF:/Users/anthonyjones/repo/gulp.build/src/client/app/blocks/router/router.module.js
FN:1,(anonymous_1)
FNF:1
FNH:1
FNDA:1,(anonymous_1)
DA:1,1
DA:4,1
LF:2
LH:2
BRF:0
BRH:0
end_of_record
TN:
SF:/Users/anthonyjones/repo/gulp.build/src/client/app/components/components.module.js
FN:1,(anonymous_1)
FNF:1
FNH:1
FNDA:1,(anonymous_1)
DA:1,1
DA:4,1
LF:2
LH:2
BRF:0
BRH:0
end_of_record
TN:
SF:/Users/anthonyjones/repo/gulp.build/src/client/app/components/login-button/login-button.module.js
FN:1,(anonymous_1)
FNF:1
FNH:1
FNDA:1,(anonymous_1)
DA:1,1
DA:4,1
LF:2
LH:2
BRF:0
BRH:0
end_of_record
TN:
SF:/Users/anthonyjones/repo/gulp.build/src/client/app/components/newComponent.module.js
FNF:0
FNH:0
LF:0
LH:0
BRF:0
BRH:0
end_of_record
TN:
SF:/Users/anthonyjones/repo/gulp.build/src/client/app/core/core.module.js
FN:1,(anonymous_1)
FNF:1
FNH:1
FNDA:1,(anonymous_1)
DA:1,1
DA:4,1
LF:2
LH:2
BRF:0
BRH:0
end_of_record
TN:
SF:/Users/anthonyjones/repo/gulp.build/src/client/app/views/login/login.module.js
FN:1,(anonymous_1)
FNF:1
FNH:1
FNDA:1,(anonymous_1)
DA:1,1
DA:4,1
LF:2
LH:2
BRF:0
BRH:0
end_of_record
TN:
SF:/Users/anthonyjones/repo/gulp.build/src/client/app/views/views.module.js
FN:1,(anonymous_1)
FNF:1
FNH:1
FNDA:1,(anonymous_1)
DA:1,1
DA:4,1
LF:2
LH:2
BRF:0
BRH:0
end_of_record
TN:
SF:/Users/anthonyjones/repo/gulp.build/src/client/app/blocks/logger/logger.js
FN:1,(anonymous_1)
FN:10,logger
FN:25,error
FN:30,info
FN:34,success
FN:38,warning
FNF:6
FNH:2
FNDA:1,(anonymous_1)
FNDA:1,logger
FNDA:0,error
FNDA:0,info
FNDA:0,success
FNDA:0,warning
DA:1,1
DA:4,1
DA:8,1
DA:10,1
DA:11,1
DA:22,1
DA:25,1
DA:26,0
DA:27,0
DA:30,1
DA:31,0
DA:32,0
DA:34,1
DA:35,0
DA:36,0
DA:38,1
DA:39,0
DA:40,0
LF:18
LH:10
BRF:0
BRH:0
end_of_record
TN:
SF:/Users/anthonyjones/repo/gulp.build/src/client/app/blocks/router/router-helper.provider.js
FN:1,(anonymous_1)
FN:10,routerHelperProvider
FN:22,(anonymous_3)
FN:29,RouterHelper
FN:49,configureStates
FN:50,(anonymous_6)
FN:61,handleRoutingErrors
FN:66,(anonymous_8)
FN:76,formatErrorMessage
FN:88,init
FN:93,getStates
FN:97,updateDocTitle
FN:99,(anonymous_13)
FNF:13
FNH:2
FNDA:1,(anonymous_1)
FNDA:1,routerHelperProvider
FNDA:0,(anonymous_3)
FNDA:0,RouterHelper
FNDA:0,configureStates
FNDA:0,(anonymous_6)
FNDA:0,handleRoutingErrors
FNDA:0,(anonymous_8)
FNDA:0,formatErrorMessage
FNDA:0,init
FNDA:0,getStates
FNDA:0,updateDocTitle
FNDA:0,(anonymous_13)
DA:1,1
DA:4,1
DA:8,1
DA:10,1
DA:12,1
DA:17,1
DA:22,1
DA:23,0
DA:26,1
DA:27,1
DA:29,1
DA:30,0
DA:31,0
DA:32,0
DA:37,0
DA:43,0
DA:45,0
DA:49,1
DA:50,0
DA:51,0
DA:53,0
DA:55,0
DA:56,0
DA:57,0
DA:61,1
DA:65,0
DA:67,0
DA:68,0
DA:70,0
DA:71,0
DA:72,0
DA:73,0
DA:74,0
DA:76,1
DA:77,0
DA:79,0
DA:88,1
DA:89,0
DA:90,0
DA:93,1
DA:94,0
DA:97,1
DA:98,0
DA:100,0
DA:101,0
DA:102,0
DA:103,0
LF:47
LH:16
BRDA:52,1,0,0
BRDA:52,1,1,0
BRDA:55,2,0,0
BRDA:55,2,1,0
BRDA:55,3,0,0
BRDA:55,3,1,0
BRDA:67,4,0,0
BRDA:67,4,1,0
BRDA:77,5,0,0
BRDA:77,5,1,0
BRDA:77,5,2,0
BRDA:77,5,3,0
BRDA:77,5,4,0
BRDA:79,6,0,0
BRDA:79,6,1,0
BRDA:79,6,2,0
BRDA:81,7,0,0
BRDA:81,7,1,0
BRDA:82,8,0,0
BRDA:82,8,1,0
BRDA:102,9,0,0
BRDA:102,9,1,0
BRF:22
BRH:0
end_of_record
TN:
SF:/Users/anthonyjones/repo/gulp.build/src/client/app/components/login-button/login-button.js
FN:1,(anonymous_1)
FN:8,loginButton
FN:18,LoginButton
FN:23,submit
FNF:4
FNH:3
FNDA:1,(anonymous_1)
FNDA:1,loginButton
FNDA:1,LoginButton
FNDA:0,submit
DA:1,1
DA:4,1
DA:8,1
DA:9,1
DA:18,1
DA:19,1
DA:21,1
DA:23,1
DA:24,0
LF:9
LH:8
BRF:0
BRH:0
end_of_record
TN:
SF:/Users/anthonyjones/repo/gulp.build/src/client/app/components/newComponent.js
FNF:0
FNH:0
LF:0
LH:0
BRF:0
BRH:0
end_of_record
TN:
SF:/Users/anthonyjones/repo/gulp.build/src/client/app/core/constants.js
FN:2,(anonymous_1)
FNF:1
FNH:1
FNDA:1,(anonymous_1)
DA:2,1
DA:5,1
LF:2
LH:2
BRF:0
BRH:0
end_of_record
TN:
SF:/Users/anthonyjones/repo/gulp.build/src/client/app/views/login/login.route.js
FN:1,(anonymous_1)
FN:10,appRun
FN:14,getStates
FNF:3
FNH:1
FNDA:1,(anonymous_1)
FNDA:0,appRun
FNDA:0,getStates
DA:1,1
DA:4,1
DA:8,1
DA:10,1
DA:11,0
DA:14,1
DA:15,0
LF:7
LH:5
BRF:0
BRH:0
end_of_record
